<?xml version="1.0" encoding="UTF-8"?>
<!-- Generated by org.testng.reporters.JUnitXMLReporter -->
<testsuite ignored="3" hostname="DESKTOP-G8O6OG0" failures="0" tests="1" name="My Test" time="12.838" errors="0" timestamp="2025-04-15T21:33:16 IST">
  <testcase classname="com.TestNGDemos.D05MyntraAssignment" name="clickOnWomen" time="2.817"/>
  <testcase classname="com.TestNGDemos.D05MyntraAssignment" name="clickOnMen" time="0.0">
    <ignored/>
  </testcase> <!-- clickOnMen -->
  <testcase classname="com.TestNGDemos.D05MyntraAssignment" name="clickOnKids" time="0.0">
    <ignored/>
  </testcase> <!-- clickOnKids -->
  <testcase classname="com.TestNGDemos.D05MyntraAssignment" name="clickOnHome" time="0.0">
    <ignored/>
  </testcase> <!-- clickOnHome -->
</testsuite> <!-- My Test -->
