<?xml version="1.0" encoding="UTF-8"?>
<testng-results ignored="0" total="2" passed="1" failed="1" skipped="0">
  <reporter-output>
  </reporter-output>
  <suite started-at="2025-04-27T17:50:23 IST" name="Default suite" finished-at="2025-04-27T17:51:15 IST" duration-ms="52678">
    <groups>
    </groups>
    <test started-at="2025-04-27T17:50:23 IST" name="Default test" finished-at="2025-04-27T17:51:15 IST" duration-ms="52678">
      <class name="com.AssignmentSolutions.OHRM_Assignment_DDF">
        <test-method is-config="true" signature="beforeTest()[pri:0, instance:com.AssignmentSolutions.OHRM_Assignment_DDF@7fb4f2a9]" started-at="2025-04-27T17:50:23 IST" name="beforeTest" finished-at="2025-04-27T17:50:30 IST" duration-ms="6948" status="PASS">
          <reporter-output>
          </reporter-output>
        </test-method> <!-- beforeTest -->
        <test-method signature="test(java.lang.String,java.lang.String,java.lang.String,java.lang.String,java.lang.String,java.lang.String,java.lang.String,java.lang.String)[pri:0, instance:com.AssignmentSolutions.OHRM_Assignment_DDF@7fb4f2a9]" started-at="2025-04-27T17:50:30 IST" name="test" data-provider="getData" finished-at="2025-04-27T17:50:56 IST" duration-ms="26616" status="PASS">
          <params>
            <param index="0">
              <value>
                <![CDATA[Aniket]]>
              </value>
            </param>
            <param index="1">
              <value>
                <![CDATA[M]]>
              </value>
            </param>
            <param index="2">
              <value>
                <![CDATA[Dhongade]]>
              </value>
            </param>
            <param index="3">
              <value>
                <![CDATA[aniket]]>
              </value>
            </param>
            <param index="4">
              <value>
                <![CDATA[Aniket@123]]>
              </value>
            </param>
            <param index="5">
              <value>
                <![CDATA[]]>
              </value>
            </param>
            <param index="6">
              <value>
                <![CDATA[Aniket Dhongade]]>
              </value>
            </param>
            <param index="7">
              <value>
                <![CDATA[]]>
              </value>
            </param>
          </params>
          <reporter-output>
          </reporter-output>
        </test-method> <!-- test -->
        <test-method is-config="true" signature="afterMethod()[pri:0, instance:com.AssignmentSolutions.OHRM_Assignment_DDF@7fb4f2a9]" started-at="2025-04-27T17:50:56 IST" name="afterMethod" finished-at="2025-04-27T17:50:56 IST" duration-ms="36" status="PASS">
          <reporter-output>
          </reporter-output>
        </test-method> <!-- afterMethod -->
        <test-method signature="test(java.lang.String,java.lang.String,java.lang.String,java.lang.String,java.lang.String,java.lang.String,java.lang.String,java.lang.String)[pri:0, instance:com.AssignmentSolutions.OHRM_Assignment_DDF@7fb4f2a9]" started-at="2025-04-27T17:50:56 IST" name="test" data-provider="getData" finished-at="2025-04-27T17:51:15 IST" duration-ms="18608" status="FAIL">
          <params>
            <param index="0">
              <value>
                <![CDATA[Sarvesh]]>
              </value>
            </param>
            <param index="1">
              <value>
                <![CDATA[P]]>
              </value>
            </param>
            <param index="2">
              <value>
                <![CDATA[Gugale]]>
              </value>
            </param>
            <param index="3">
              <value>
                <![CDATA[sarvesh]]>
              </value>
            </param>
            <param index="4">
              <value>
                <![CDATA[Sarvesh@123]]>
              </value>
            </param>
            <param index="5">
              <value>
                <![CDATA[]]>
              </value>
            </param>
            <param index="6">
              <value>
                <![CDATA[Sarvesh Gugale]]>
              </value>
            </param>
            <param index="7">
              <value>
                <![CDATA[]]>
              </value>
            </param>
          </params>
          <exception class="org.openqa.selenium.NoSuchElementException">
            <message>
              <![CDATA[no such element: Unable to locate element: {"method":"xpath","selector":"//*[@id="app"]/div[1]/div[1]/aside/nav/div[2]/ul/li[3]/a/span"}
  (Session info: MicrosoftEdge=135.0.3179.85)
For documentation on this error, please visit: https://www.selenium.dev/documentation/webdriver/troubleshooting/errors#no-such-element-exception
Build info: version: '4.30.0', revision: '509c7f1'
System info: os.name: 'Windows 10', os.arch: 'amd64', os.version: '10.0', java.version: '11.0.18'
Driver info: org.openqa.selenium.edge.EdgeDriver
Command: [fee9a04838a446804810e7d75f4c3186, findElement {value=//*[@id="app"]/div[1]/div[1]/aside/nav/div[2]/ul/li[3]/a/span, using=xpath}]
Capabilities {acceptInsecureCerts: false, browserName: MicrosoftEdge, browserVersion: 135.0.3179.85, fedcm:accounts: true, ms:edgeOptions: {debuggerAddress: localhost:56698}, msedge: {msedgedriverVersion: 135.0.3179.98 (4215a10badb6..., userDataDir: C:\Users\Dell\AppData\Local...}, networkConnectionEnabled: false, pageLoadStrategy: normal, platformName: windows, proxy: Proxy(), se:cdp: ws://localhost:56698/devtoo..., se:cdpVersion: 135.0.3179.85, setWindowRect: true, strictFileInteractability: false, timeouts: {implicit: 0, pageLoad: 300000, script: 30000}, unhandledPromptBehavior: dismiss and notify, webauthn:extension:credBlob: true, webauthn:extension:largeBlob: true, webauthn:extension:minPinLength: true, webauthn:extension:prf: true, webauthn:virtualAuthenticators: true}
Session ID: fee9a04838a446804810e7d75f4c3186]]>
            </message>
            <full-stacktrace>
              <![CDATA[org.openqa.selenium.NoSuchElementException: no such element: Unable to locate element: {"method":"xpath","selector":"//*[@id="app"]/div[1]/div[1]/aside/nav/div[2]/ul/li[3]/a/span"}
  (Session info: MicrosoftEdge=135.0.3179.85)
For documentation on this error, please visit: https://www.selenium.dev/documentation/webdriver/troubleshooting/errors#no-such-element-exception
Build info: version: '4.30.0', revision: '509c7f1'
System info: os.name: 'Windows 10', os.arch: 'amd64', os.version: '10.0', java.version: '11.0.18'
Driver info: org.openqa.selenium.edge.EdgeDriver
Command: [fee9a04838a446804810e7d75f4c3186, findElement {value=//*[@id="app"]/div[1]/div[1]/aside/nav/div[2]/ul/li[3]/a/span, using=xpath}]
Capabilities {acceptInsecureCerts: false, browserName: MicrosoftEdge, browserVersion: 135.0.3179.85, fedcm:accounts: true, ms:edgeOptions: {debuggerAddress: localhost:56698}, msedge: {msedgedriverVersion: 135.0.3179.98 (4215a10badb6..., userDataDir: C:\Users\Dell\AppData\Local...}, networkConnectionEnabled: false, pageLoadStrategy: normal, platformName: windows, proxy: Proxy(), se:cdp: ws://localhost:56698/devtoo..., se:cdpVersion: 135.0.3179.85, setWindowRect: true, strictFileInteractability: false, timeouts: {implicit: 0, pageLoad: 300000, script: 30000}, unhandledPromptBehavior: dismiss and notify, webauthn:extension:credBlob: true, webauthn:extension:largeBlob: true, webauthn:extension:minPinLength: true, webauthn:extension:prf: true, webauthn:virtualAuthenticators: true}
Session ID: fee9a04838a446804810e7d75f4c3186
at java.base/jdk.internal.reflect.NativeConstructorAccessorImpl.newInstance0(Native Method)
at java.base/jdk.internal.reflect.NativeConstructorAccessorImpl.newInstance(NativeConstructorAccessorImpl.java:62)
at java.base/jdk.internal.reflect.DelegatingConstructorAccessorImpl.newInstance(DelegatingConstructorAccessorImpl.java:45)
at java.base/java.lang.reflect.Constructor.newInstance(Constructor.java:490)
at org.openqa.selenium.remote.ErrorCodec.decode(ErrorCodec.java:167)
at org.openqa.selenium.remote.codec.w3c.W3CHttpResponseCodec.decode(W3CHttpResponseCodec.java:138)
at org.openqa.selenium.remote.codec.w3c.W3CHttpResponseCodec.decode(W3CHttpResponseCodec.java:50)
at org.openqa.selenium.remote.HttpCommandExecutor.execute(HttpCommandExecutor.java:215)
at org.openqa.selenium.remote.service.DriverCommandExecutor.invokeExecute(DriverCommandExecutor.java:216)
at org.openqa.selenium.remote.service.DriverCommandExecutor.execute(DriverCommandExecutor.java:174)
at org.openqa.selenium.remote.RemoteWebDriver.execute(RemoteWebDriver.java:545)
at org.openqa.selenium.remote.ElementLocation$ElementFinder$2.findElement(ElementLocation.java:165)
at org.openqa.selenium.remote.ElementLocation.findElement(ElementLocation.java:59)
at org.openqa.selenium.remote.RemoteWebDriver.findElement(RemoteWebDriver.java:368)
at org.openqa.selenium.remote.RemoteWebDriver.findElement(RemoteWebDriver.java:362)
at com.AssignmentSolutions.OHRMClass.getEmpId(OHRMClass.java:57)
at com.AssignmentSolutions.OHRM_Assignment_DDF.test(OHRM_Assignment_DDF.java:51)
at java.base/jdk.internal.reflect.NativeMethodAccessorImpl.invoke0(Native Method)
at java.base/jdk.internal.reflect.NativeMethodAccessorImpl.invoke(NativeMethodAccessorImpl.java:62)
at java.base/jdk.internal.reflect.DelegatingMethodAccessorImpl.invoke(DelegatingMethodAccessorImpl.java:43)
at java.base/java.lang.reflect.Method.invoke(Method.java:566)
at org.testng.internal.invokers.MethodInvocationHelper.invokeMethod(MethodInvocationHelper.java:141)
at org.testng.internal.invokers.TestInvoker.invokeMethod(TestInvoker.java:686)
at org.testng.internal.invokers.TestInvoker.invokeTestMethod(TestInvoker.java:230)
at org.testng.internal.invokers.MethodRunner.runInSequence(MethodRunner.java:63)
at org.testng.internal.invokers.TestInvoker$MethodInvocationAgent.invoke(TestInvoker.java:992)
at org.testng.internal.invokers.TestInvoker.invokeTestMethods(TestInvoker.java:203)
at org.testng.internal.invokers.TestMethodWorker.invokeTestMethods(TestMethodWorker.java:154)
at org.testng.internal.invokers.TestMethodWorker.run(TestMethodWorker.java:134)
at java.base/java.util.ArrayList.forEach(ArrayList.java:1541)
at org.testng.TestRunner.privateRun(TestRunner.java:739)
at org.testng.TestRunner.run(TestRunner.java:614)
at org.testng.SuiteRunner.runTest(SuiteRunner.java:421)
at org.testng.SuiteRunner.runSequentially(SuiteRunner.java:413)
at org.testng.SuiteRunner.privateRun(SuiteRunner.java:373)
at org.testng.SuiteRunner.run(SuiteRunner.java:312)
at org.testng.SuiteRunnerWorker.runSuite(SuiteRunnerWorker.java:52)
at org.testng.SuiteRunnerWorker.run(SuiteRunnerWorker.java:95)
at org.testng.TestNG.runSuitesSequentially(TestNG.java:1274)
at org.testng.TestNG.runSuitesLocally(TestNG.java:1208)
at org.testng.TestNG.runSuites(TestNG.java:1112)
at org.testng.TestNG.run(TestNG.java:1079)
at org.testng.remote.AbstractRemoteTestNG.run(AbstractRemoteTestNG.java:115)
at org.testng.remote.RemoteTestNG.initAndRun(RemoteTestNG.java:293)
at org.testng.remote.RemoteTestNG.main(RemoteTestNG.java:91)
]]>
            </full-stacktrace>
          </exception> <!-- org.openqa.selenium.NoSuchElementException -->
          <reporter-output>
          </reporter-output>
        </test-method> <!-- test -->
        <test-method is-config="true" signature="afterMethod()[pri:0, instance:com.AssignmentSolutions.OHRM_Assignment_DDF@7fb4f2a9]" started-at="2025-04-27T17:51:15 IST" name="afterMethod" finished-at="2025-04-27T17:51:15 IST" duration-ms="27" status="PASS">
          <reporter-output>
          </reporter-output>
        </test-method> <!-- afterMethod -->
        <test-method is-config="true" signature="afterTest()[pri:0, instance:com.AssignmentSolutions.OHRM_Assignment_DDF@7fb4f2a9]" started-at="2025-04-27T17:51:15 IST" name="afterTest" finished-at="2025-04-27T17:51:15 IST" duration-ms="368" status="PASS">
          <reporter-output>
          </reporter-output>
        </test-method> <!-- afterTest -->
      </class> <!-- com.AssignmentSolutions.OHRM_Assignment_DDF -->
    </test> <!-- Default test -->
  </suite> <!-- Default suite -->
</testng-results>
