<?xml version="1.0" encoding="UTF-8"?>
<testng-results ignored="0" total="3" passed="3" failed="0" skipped="0">
  <reporter-output>
  </reporter-output>
  <suite started-at="2025-04-28T21:50:03 IST" name="Default suite" finished-at="2025-04-28T21:50:03 IST" duration-ms="206">
    <groups>
    </groups>
    <test started-at="2025-04-28T21:50:03 IST" name="Default test" finished-at="2025-04-28T21:50:03 IST" duration-ms="206">
      <class name="com.MyTests.D10DataDrivenTesting">
        <test-method signature="myTest(int,java.lang.String)[pri:0, instance:com.MyTests.D10DataDrivenTesting@57a78e3]" started-at="2025-04-28T21:50:03 IST" name="myTest" data-provider="getMyData" finished-at="2025-04-28T21:50:03 IST" duration-ms="12" status="PASS">
          <params>
            <param index="0">
              <value>
                <![CDATA[1]]>
              </value>
            </param>
            <param index="1">
              <value>
                <![CDATA[Meena]]>
              </value>
            </param>
          </params>
          <reporter-output>
          </reporter-output>
        </test-method> <!-- myTest -->
        <test-method signature="myTest(int,java.lang.String)[pri:0, instance:com.MyTests.D10DataDrivenTesting@57a78e3]" started-at="2025-04-28T21:50:03 IST" name="myTest" data-provider="getMyData" finished-at="2025-04-28T21:50:03 IST" duration-ms="6" status="PASS">
          <params>
            <param index="0">
              <value>
                <![CDATA[2]]>
              </value>
            </param>
            <param index="1">
              <value>
                <![CDATA[Shardul]]>
              </value>
            </param>
          </params>
          <reporter-output>
          </reporter-output>
        </test-method> <!-- myTest -->
        <test-method signature="myTest(int,java.lang.String)[pri:0, instance:com.MyTests.D10DataDrivenTesting@57a78e3]" started-at="2025-04-28T21:50:03 IST" name="myTest" data-provider="getMyData" finished-at="2025-04-28T21:50:03 IST" duration-ms="2" status="PASS">
          <params>
            <param index="0">
              <value>
                <![CDATA[3]]>
              </value>
            </param>
            <param index="1">
              <value>
                <![CDATA[Rajeshwar]]>
              </value>
            </param>
          </params>
          <reporter-output>
          </reporter-output>
        </test-method> <!-- myTest -->
      </class> <!-- com.MyTests.D10DataDrivenTesting -->
    </test> <!-- Default test -->
  </suite> <!-- Default suite -->
</testng-results>
