<?xml version="1.0" encoding="UTF-8"?>
<!-- Generated by org.testng.reporters.JUnitXMLReporter -->
<testsuite ignored="0" hostname="DESKTOP-G8O6OG0" failures="0" tests="5" name="My Test" time="22.349" errors="0" timestamp="2025-04-16T20:19:08 IST">
  <testcase classname="com.TestNGDemos.D02MultipleTests" name="launchingAmazon" time="9.222"/>
  <testcase classname="com.TestNGDemos.D02MultipleTests" name="launchingSheIN" time="9.551"/>
  <testcase classname="com.TestNGDemos.D02MultipleTests" name="launchingPurplle" time="8.607"/>
  <testcase classname="com.TestNGDemos.D02MultipleTests" name="launchingMyntra" time="11.717"/>
  <testcase classname="com.TestNGDemos.D02MultipleTests" name="launchingNykaa" time="4.328"/>
</testsuite> <!-- My Test -->
