<?xml version="1.0" encoding="UTF-8"?>
<!-- Generated by org.testng.reporters.JUnitXMLReporter -->
<testsuite ignored="0" hostname="DESKTOP-G8O6OG0" failures="0" tests="3" name="Default test" time="0.206" errors="0" timestamp="2025-04-28T21:50:03 IST">
  <testcase classname="com.MyTests.D10DataDrivenTesting" name="myTest" time="0.012"/>
  <testcase classname="com.MyTests.D10DataDrivenTesting" name="myTest" time="0.006"/>
  <testcase classname="com.MyTests.D10DataDrivenTesting" name="myTest" time="0.002"/>
</testsuite> <!-- Default test -->
