<?xml version="1.0" encoding="UTF-8"?>
<!-- Generated by org.testng.reporters.JUnitXMLReporter -->
<testsuite ignored="0" hostname="DESKTOP-G8O6OG0" failures="0" tests="4" name="Default test" time="24.822" errors="0" timestamp="2025-04-14T22:23:07 IST">
  <testcase classname="com.TestNGDemos.D04Before_After_Method" name="launchingSheIN" time="4.836"/>
  <testcase classname="com.TestNGDemos.D04Before_After_Method" name="launchingPurplle" time="5.232"/>
  <testcase classname="com.TestNGDemos.D04Before_After_Method" name="launchingMyntra" time="6.325"/>
  <testcase classname="com.TestNGDemos.D04Before_After_Method" name="launchingNykaa" time="2.983"/>
</testsuite> <!-- Default test -->
