<?xml version="1.0" encoding="UTF-8"?>
<!-- Generated by org.testng.reporters.JUnitXMLReporter -->
<testsuite ignored="2" hostname="DESKTOP-G8O6OG0" failures="0" tests="2" name="Groups" time="15.775" errors="0" timestamp="2025-04-15T22:00:31 IST">
  <testcase classname="com.TestNGDemos.D05MyntraAssignment" name="clickOnMen" time="2.804"/>
  <testcase classname="com.TestNGDemos.D05MyntraAssignment" name="clickOnWomen" time="2.739"/>
  <testcase classname="com.TestNGDemos.D05MyntraAssignment" name="clickOnKids" time="0.0">
    <ignored/>
  </testcase> <!-- clickOnKids -->
  <testcase classname="com.TestNGDemos.D05MyntraAssignment" name="clickOnHome" time="0.0">
    <ignored/>
  </testcase> <!-- clickOnHome -->
</testsuite> <!-- Groups -->
